<?xml version="1.0" encoding="UTF-8"?>
<!-- Generated by org.testng.reporters.JUnitReportReporter -->
<testsuite hostname="wangkangdeMacBook-Air.local" name="test.Login" tests="2" failures="0" timestamp="14 Sep 2016 04:54:08 GMT" time="2.711" errors="1">
  <testcase name="verifyCodeError" time="2.604" classname="test.Login">
    <error type="java.lang.Throwable">
      <![CDATA[java.lang.Throwable
	at json数据结构校验不通过.(:0)
]]>
    </error>
  </testcase> <!-- verifyCodeError -->
  <testcase name="accountLoginError" time="0.107" classname="test.Login"/>
</testsuite> <!-- test.Login -->
