<?xml version="1.0" encoding="UTF-8"?>
<!-- Generated by org.testng.reporters.JUnitReportReporter -->
<testsuite hostname="wangkangdeMacBook-Air.local" name="com.dorm.test.dormTest.AppTest" tests="1" failures="0" timestamp="25 Aug 2016 05:01:19 GMT" time="0.049" errors="1">
  <testcase name="protocolURL" time="0.049" classname="com.dorm.test.dormTest.AppTest">
    <error type="java.lang.Throwable">
      <![CDATA[java.lang.Throwable
	at message : 状态是否相等 expected [0] but found [0] in method : .protocolURL(AppTest:32)
	at com.dorm.test.dormTest.AppTest.protocolURL(AppTest.java:32)
]]>
    </error>
  </testcase> <!-- protocolURL -->
</testsuite> <!-- com.dorm.test.dormTest.AppTest -->
