<?xml version="1.0" encoding="UTF-8"?>
<!-- Generated by org.testng.reporters.JUnitReportReporter -->
<testsuite hostname="wangkangdeMacBook-Air.local" name="com.dorm.test.AppTest" tests="1" failures="0" timestamp="1 Sep 2016 09:13:59 GMT" time="2.234" errors="0">
  <testcase name="protocolURL" time="2.234" classname="com.dorm.test.AppTest"/>
</testsuite> <!-- com.dorm.test.AppTest -->
